<?xml version="1.0" encoding="UTF-8"?>
<!-- Generated by org.testng.reporters.JUnitReportReporter -->
<testsuite hostname="DESKTOP-5SFIBID" failures="0" tests="2" name="ATC.tests.NewListingTest" time="11.708" errors="0" timestamp="2025-03-21T14:41:02 IST" skipped="0">
  <testcase classname="ATC.tests.NewListingTest" name="agent_login" time="3.625"/>
  <testcase classname="ATC.tests.NewListingTest" name="newListingTransaction" time="8.083"/>
</testsuite> <!-- ATC.tests.NewListingTest -->
