<?xml version="1.0" encoding="UTF-8"?>
<!-- Generated by org.testng.reporters.JUnitReportReporter -->
<testsuite hostname="DESKTOP-A0LIA42" failures="0" tests="4" name="ATC.tests.ATC_AgentUserTest" time="10.256" errors="0" timestamp="2025-02-06T23:33:38 IST" skipped="0">
  <testcase classname="ATC.tests.ATC_AgentUserTest" name="newTransaction" time="1.019"/>
  <testcase classname="ATC.tests.ATC_AgentUserTest" name="agent_action" time="0.302"/>
  <testcase classname="ATC.tests.ATC_AgentUserTest" name="logoutUser" time="0.156"/>
  <testcase classname="ATC.tests.ATC_AgentUserTest" name="agent_login" time="8.779"/>
</testsuite> <!-- ATC.tests.ATC_AgentUserTest -->
