<?xml version="1.0" encoding="UTF-8"?>
<!-- Generated by org.testng.reporters.JUnitReportReporter -->
<testsuite hostname="DESKTOP-A0LIA42" failures="0" tests="4" name="ATC.tests.AgentUserTest_new" time="5.178" errors="0" timestamp="2025-02-06T23:25:10 IST" skipped="0">
  <testcase classname="ATC.tests.AgentUserTest_new" name="agent_action" time="0.701"/>
  <testcase classname="ATC.tests.AgentUserTest_new" name="logoutUser" time="0.129"/>
  <testcase classname="ATC.tests.AgentUserTest_new" name="newTransaction" time="0.787"/>
  <testcase classname="ATC.tests.AgentUserTest_new" name="agent_login" time="3.561"/>
</testsuite> <!-- ATC.tests.AgentUserTest_new -->
