<?xml version="1.0" encoding="UTF-8"?>
<!-- Generated by org.testng.reporters.JUnitReportReporter -->
<testsuite hostname="DESKTOP-A0LIA42" failures="0" tests="4" name="ATC.tests.ATC_AgentUserTest" time="6.762" errors="2" timestamp="2025-02-20T12:58:38 IST" skipped="0">
  <testcase classname="ATC.tests.ATC_AgentUserTest" name="agent_action" time="0.187"/>
  <testcase classname="ATC.tests.ATC_AgentUserTest" name="logoutUser" time="1.060">
    <error message="element click intercepted: Element &lt;img data-v-891a84d1=&quot;&quot; src=&quot;data:image/svg+xml,%3csvg%20width=&#039;20&#039;%20height=&#039;21&#039;%20viewBox=&#039;0%200%2020%2021&#039;%20fill=&#039;none&#039;%20xmlns=&#039;http://www.w3.org/2000/svg&#039;%3e%3cpath%20d=&#039;M11.666%206.33366L7.49935%2010.5003L11.666%2014.667&#039;%20stroke=&#039;%23191D23&#039;%20stroke-width=&#039;2&#039;%20stroke-linecap=&#039;round&#039;%20stroke-linejoin=&#039;round&#039;/%3e%3cpath%20d=&#039;M7.5%2010.5L17.5%2010.5&#039;%20stroke=&#039;%23191D23&#039;%20stroke-width=&#039;2&#039;%20stroke-linecap=&#039;round&#039;%20stroke-linejoin=&#039;round&#039;/%3e%3cpath%20d=&#039;M7.5%2018H4.16667C3.72464%2018%203.30072%2017.8244%202.98816%2017.5118C2.6756%2017.1993%202.5%2016.7754%202.5%2016.3333L2.5%204.66667C2.5%204.22464%202.6756%203.80072%202.98816%203.48816C3.30072%203.1756%203.72464%203%204.16667%203H7.5&#039;%20stroke=&#039;%23191D23&#039;%20stroke-width=&#039;2&#039;%20stroke-linecap=&#039;round&#039;%20stroke-linejoin=&#039;round&#039;/%3e%3c/svg%3e&quot; alt=&quot;Logout&quot; class=&quot;mr-2&quot;&gt; is not clickable at point (91, 562). Other element would receive the click: &lt;div data-v-bd5ff28c=&quot;&quot; data-v-891a84d1=&quot;&quot; class=&quot;modal flex justify-center fixed inset-0 modal-open&quot;&gt;...&lt;/div&gt;
  (Session info: chrome=133.0.6943.99)
Build info: version: &#039;4.27.0&#039;, revision: &#039;d6e718d134&#039;
System info: os.name: &#039;Windows 10&#039;, os.arch: &#039;amd64&#039;, os.version: &#039;10.0&#039;, java.version: &#039;19.0.2&#039;
Driver info: org.openqa.selenium.chrome.ChromeDriver
Command: [71ec6e95ddbc707fa522a6d53e343487, clickElement {id=f.3ADD50773CBEBFB10306E96B2275F4A3.d.1F98D03D8980B95D5D624D15301A64D3.e.204}]
Capabilities {acceptInsecureCerts: false, browserName: chrome, browserVersion: 133.0.6943.99, chrome: {chromedriverVersion: 133.0.6943.126 (cffa127ce7b..., userDataDir: C:\Users\AnupamaS\AppData\L...}, fedcm:accounts: true, goog:chromeOptions: {debuggerAddress: localhost:56435}, networkConnectionEnabled: false, pageLoadStrategy: normal, platformName: windows, proxy: Proxy(), se:cdp: ws://localhost:56435/devtoo..., se:cdpVersion: 133.0.6943.99, setWindowRect: true, strictFileInteractability: false, timeouts: {implicit: 0, pageLoad: 300000, script: 30000}, unhandledPromptBehavior: dismiss and notify, webauthn:extension:credBlob: true, webauthn:extension:largeBlob: true, webauthn:extension:minPinLength: true, webauthn:extension:prf: true, webauthn:virtualAuthenticators: true}
Element: [[ChromeDriver: chrome on windows (71ec6e95ddbc707fa522a6d53e343487)] -&gt; xpath: //img[@class= &#039;mr-2&#039;]]
Session ID: 71ec6e95ddbc707fa522a6d53e343487" type="org.openqa.selenium.ElementClickInterceptedException">
      <![CDATA[org.openqa.selenium.ElementClickInterceptedException: element click intercepted: Element <img data-v-891a84d1="" src="data:image/svg+xml,%3csvg%20width='20'%20height='21'%20viewBox='0%200%2020%2021'%20fill='none'%20xmlns='http://www.w3.org/2000/svg'%3e%3cpath%20d='M11.666%206.33366L7.49935%2010.5003L11.666%2014.667'%20stroke='%23191D23'%20stroke-width='2'%20stroke-linecap='round'%20stroke-linejoin='round'/%3e%3cpath%20d='M7.5%2010.5L17.5%2010.5'%20stroke='%23191D23'%20stroke-width='2'%20stroke-linecap='round'%20stroke-linejoin='round'/%3e%3cpath%20d='M7.5%2018H4.16667C3.72464%2018%203.30072%2017.8244%202.98816%2017.5118C2.6756%2017.1993%202.5%2016.7754%202.5%2016.3333L2.5%204.66667C2.5%204.22464%202.6756%203.80072%202.98816%203.48816C3.30072%203.1756%203.72464%203%204.16667%203H7.5'%20stroke='%23191D23'%20stroke-width='2'%20stroke-linecap='round'%20stroke-linejoin='round'/%3e%3c/svg%3e" alt="Logout" class="mr-2"> is not clickable at point (91, 562). Other element would receive the click: <div data-v-bd5ff28c="" data-v-891a84d1="" class="modal flex justify-center fixed inset-0 modal-open">...</div>
  (Session info: chrome=133.0.6943.99)
Build info: version: '4.27.0', revision: 'd6e718d134'
System info: os.name: 'Windows 10', os.arch: 'amd64', os.version: '10.0', java.version: '19.0.2'
Driver info: org.openqa.selenium.chrome.ChromeDriver
Command: [71ec6e95ddbc707fa522a6d53e343487, clickElement {id=f.3ADD50773CBEBFB10306E96B2275F4A3.d.1F98D03D8980B95D5D624D15301A64D3.e.204}]
Capabilities {acceptInsecureCerts: false, browserName: chrome, browserVersion: 133.0.6943.99, chrome: {chromedriverVersion: 133.0.6943.126 (cffa127ce7b..., userDataDir: C:\Users\AnupamaS\AppData\L...}, fedcm:accounts: true, goog:chromeOptions: {debuggerAddress: localhost:56435}, networkConnectionEnabled: false, pageLoadStrategy: normal, platformName: windows, proxy: Proxy(), se:cdp: ws://localhost:56435/devtoo..., se:cdpVersion: 133.0.6943.99, setWindowRect: true, strictFileInteractability: false, timeouts: {implicit: 0, pageLoad: 300000, script: 30000}, unhandledPromptBehavior: dismiss and notify, webauthn:extension:credBlob: true, webauthn:extension:largeBlob: true, webauthn:extension:minPinLength: true, webauthn:extension:prf: true, webauthn:virtualAuthenticators: true}
Element: [[ChromeDriver: chrome on windows (71ec6e95ddbc707fa522a6d53e343487)] -> xpath: //img[@class= 'mr-2']]
Session ID: 71ec6e95ddbc707fa522a6d53e343487
at java.base/jdk.internal.reflect.DirectConstructorHandleAccessor.newInstance(DirectConstructorHandleAccessor.java:67)
at java.base/java.lang.reflect.Constructor.newInstanceWithCaller(Constructor.java:500)
at java.base/java.lang.reflect.Constructor.newInstance(Constructor.java:484)
at org.openqa.selenium.remote.ErrorCodec.decode(ErrorCodec.java:167)
at org.openqa.selenium.remote.codec.w3c.W3CHttpResponseCodec.decode(W3CHttpResponseCodec.java:138)
at org.openqa.selenium.remote.codec.w3c.W3CHttpResponseCodec.decode(W3CHttpResponseCodec.java:50)
at org.openqa.selenium.remote.HttpCommandExecutor.execute(HttpCommandExecutor.java:190)
at org.openqa.selenium.remote.service.DriverCommandExecutor.invokeExecute(DriverCommandExecutor.java:216)
at org.openqa.selenium.remote.service.DriverCommandExecutor.execute(DriverCommandExecutor.java:174)
at org.openqa.selenium.remote.RemoteWebDriver.execute(RemoteWebDriver.java:545)
at org.openqa.selenium.remote.RemoteWebElement.execute(RemoteWebElement.java:223)
at org.openqa.selenium.remote.RemoteWebElement.click(RemoteWebElement.java:76)
at java.base/jdk.internal.reflect.DirectMethodHandleAccessor.invoke(DirectMethodHandleAccessor.java:104)
at java.base/java.lang.reflect.Method.invoke(Method.java:578)
at org.openqa.selenium.support.pagefactory.internal.LocatingElementHandler.invoke(LocatingElementHandler.java:51)
at jdk.proxy2/jdk.proxy2.$Proxy11.click(Unknown Source)
at ATC.pageObjects.LoginPage.logoutFromApplication(LoginPage.java:73)
at ATC.tests.ATC_AgentUserTest.logoutUser(ATC_AgentUserTest.java:69)
at java.base/jdk.internal.reflect.DirectMethodHandleAccessor.invoke(DirectMethodHandleAccessor.java:104)
at java.base/java.lang.reflect.Method.invoke(Method.java:578)
at org.testng.internal.invokers.MethodInvocationHelper.invokeMethod(MethodInvocationHelper.java:141)
at org.testng.internal.invokers.TestInvoker.invokeMethod(TestInvoker.java:686)
at org.testng.internal.invokers.TestInvoker.invokeTestMethod(TestInvoker.java:230)
at org.testng.internal.invokers.MethodRunner.runInSequence(MethodRunner.java:63)
at org.testng.internal.invokers.TestInvoker$MethodInvocationAgent.invoke(TestInvoker.java:992)
at org.testng.internal.invokers.TestInvoker.invokeTestMethods(TestInvoker.java:203)
at org.testng.internal.invokers.TestMethodWorker.invokeTestMethods(TestMethodWorker.java:154)
at org.testng.internal.invokers.TestMethodWorker.run(TestMethodWorker.java:134)
at java.base/java.util.ArrayList.forEach(ArrayList.java:1511)
at org.testng.TestRunner.privateRun(TestRunner.java:739)
at org.testng.TestRunner.run(TestRunner.java:614)
at org.testng.SuiteRunner.runTest(SuiteRunner.java:421)
at org.testng.SuiteRunner.runSequentially(SuiteRunner.java:413)
at org.testng.SuiteRunner.privateRun(SuiteRunner.java:373)
at org.testng.SuiteRunner.run(SuiteRunner.java:312)
at org.testng.SuiteRunnerWorker.runSuite(SuiteRunnerWorker.java:52)
at org.testng.SuiteRunnerWorker.run(SuiteRunnerWorker.java:95)
at org.testng.TestNG.runSuitesSequentially(TestNG.java:1274)
at org.testng.TestNG.runSuitesLocally(TestNG.java:1208)
at org.testng.TestNG.runSuites(TestNG.java:1112)
at org.testng.TestNG.run(TestNG.java:1079)
at org.testng.remote.AbstractRemoteTestNG.run(AbstractRemoteTestNG.java:115)
at org.testng.remote.RemoteTestNG.initAndRun(RemoteTestNG.java:293)
at org.testng.remote.RemoteTestNG.main(RemoteTestNG.java:91)
]]>
    </error>
  </testcase> <!-- logoutUser -->
  <testcase classname="ATC.tests.ATC_AgentUserTest" name="agent_login" time="3.625"/>
  <testcase classname="ATC.tests.ATC_AgentUserTest" name="newTransaction" time="1.890">
    <error message="element click intercepted: Element &lt;button id=&quot;view_detail_close&quot; class=&quot;&quot;&gt;...&lt;/button&gt; is not clickable at point (983, 81). Other element would receive the click: &lt;div data-v-bd5ff28c=&quot;&quot; class=&quot;px-6 py-2&quot;&gt;...&lt;/div&gt;
  (Session info: chrome=133.0.6943.99)
Build info: version: &#039;4.27.0&#039;, revision: &#039;d6e718d134&#039;
System info: os.name: &#039;Windows 10&#039;, os.arch: &#039;amd64&#039;, os.version: &#039;10.0&#039;, java.version: &#039;19.0.2&#039;
Driver info: org.openqa.selenium.chrome.ChromeDriver
Command: [71ec6e95ddbc707fa522a6d53e343487, clickElement {id=f.3ADD50773CBEBFB10306E96B2275F4A3.d.1F98D03D8980B95D5D624D15301A64D3.e.1041}]
Capabilities {acceptInsecureCerts: false, browserName: chrome, browserVersion: 133.0.6943.99, chrome: {chromedriverVersion: 133.0.6943.126 (cffa127ce7b..., userDataDir: C:\Users\AnupamaS\AppData\L...}, fedcm:accounts: true, goog:chromeOptions: {debuggerAddress: localhost:56435}, networkConnectionEnabled: false, pageLoadStrategy: normal, platformName: windows, proxy: Proxy(), se:cdp: ws://localhost:56435/devtoo..., se:cdpVersion: 133.0.6943.99, setWindowRect: true, strictFileInteractability: false, timeouts: {implicit: 0, pageLoad: 300000, script: 30000}, unhandledPromptBehavior: dismiss and notify, webauthn:extension:credBlob: true, webauthn:extension:largeBlob: true, webauthn:extension:minPinLength: true, webauthn:extension:prf: true, webauthn:virtualAuthenticators: true}
Element: [[ChromeDriver: chrome on windows (71ec6e95ddbc707fa522a6d53e343487)] -&gt; id: view_detail_close]
Session ID: 71ec6e95ddbc707fa522a6d53e343487" type="org.openqa.selenium.ElementClickInterceptedException">
      <![CDATA[org.openqa.selenium.ElementClickInterceptedException: element click intercepted: Element <button id="view_detail_close" class="">...</button> is not clickable at point (983, 81). Other element would receive the click: <div data-v-bd5ff28c="" class="px-6 py-2">...</div>
  (Session info: chrome=133.0.6943.99)
Build info: version: '4.27.0', revision: 'd6e718d134'
System info: os.name: 'Windows 10', os.arch: 'amd64', os.version: '10.0', java.version: '19.0.2'
Driver info: org.openqa.selenium.chrome.ChromeDriver
Command: [71ec6e95ddbc707fa522a6d53e343487, clickElement {id=f.3ADD50773CBEBFB10306E96B2275F4A3.d.1F98D03D8980B95D5D624D15301A64D3.e.1041}]
Capabilities {acceptInsecureCerts: false, browserName: chrome, browserVersion: 133.0.6943.99, chrome: {chromedriverVersion: 133.0.6943.126 (cffa127ce7b..., userDataDir: C:\Users\AnupamaS\AppData\L...}, fedcm:accounts: true, goog:chromeOptions: {debuggerAddress: localhost:56435}, networkConnectionEnabled: false, pageLoadStrategy: normal, platformName: windows, proxy: Proxy(), se:cdp: ws://localhost:56435/devtoo..., se:cdpVersion: 133.0.6943.99, setWindowRect: true, strictFileInteractability: false, timeouts: {implicit: 0, pageLoad: 300000, script: 30000}, unhandledPromptBehavior: dismiss and notify, webauthn:extension:credBlob: true, webauthn:extension:largeBlob: true, webauthn:extension:minPinLength: true, webauthn:extension:prf: true, webauthn:virtualAuthenticators: true}
Element: [[ChromeDriver: chrome on windows (71ec6e95ddbc707fa522a6d53e343487)] -> id: view_detail_close]
Session ID: 71ec6e95ddbc707fa522a6d53e343487
at java.base/jdk.internal.reflect.DirectConstructorHandleAccessor.newInstance(DirectConstructorHandleAccessor.java:67)
at java.base/java.lang.reflect.Constructor.newInstanceWithCaller(Constructor.java:500)
at java.base/java.lang.reflect.Constructor.newInstance(Constructor.java:484)
at org.openqa.selenium.remote.ErrorCodec.decode(ErrorCodec.java:167)
at org.openqa.selenium.remote.codec.w3c.W3CHttpResponseCodec.decode(W3CHttpResponseCodec.java:138)
at org.openqa.selenium.remote.codec.w3c.W3CHttpResponseCodec.decode(W3CHttpResponseCodec.java:50)
at org.openqa.selenium.remote.HttpCommandExecutor.execute(HttpCommandExecutor.java:190)
at org.openqa.selenium.remote.service.DriverCommandExecutor.invokeExecute(DriverCommandExecutor.java:216)
at org.openqa.selenium.remote.service.DriverCommandExecutor.execute(DriverCommandExecutor.java:174)
at org.openqa.selenium.remote.RemoteWebDriver.execute(RemoteWebDriver.java:545)
at org.openqa.selenium.remote.RemoteWebElement.execute(RemoteWebElement.java:223)
at org.openqa.selenium.remote.RemoteWebElement.click(RemoteWebElement.java:76)
at ATC.tests.ATC_AgentUserTest.newTransaction(ATC_AgentUserTest.java:43)
at java.base/jdk.internal.reflect.DirectMethodHandleAccessor.invoke(DirectMethodHandleAccessor.java:104)
at java.base/java.lang.reflect.Method.invoke(Method.java:578)
at org.testng.internal.invokers.MethodInvocationHelper.invokeMethod(MethodInvocationHelper.java:141)
at org.testng.internal.invokers.TestInvoker.invokeMethod(TestInvoker.java:686)
at org.testng.internal.invokers.TestInvoker.invokeTestMethod(TestInvoker.java:230)
at org.testng.internal.invokers.MethodRunner.runInSequence(MethodRunner.java:63)
at org.testng.internal.invokers.TestInvoker$MethodInvocationAgent.invoke(TestInvoker.java:992)
at org.testng.internal.invokers.TestInvoker.invokeTestMethods(TestInvoker.java:203)
at org.testng.internal.invokers.TestMethodWorker.invokeTestMethods(TestMethodWorker.java:154)
at org.testng.internal.invokers.TestMethodWorker.run(TestMethodWorker.java:134)
at java.base/java.util.ArrayList.forEach(ArrayList.java:1511)
at org.testng.TestRunner.privateRun(TestRunner.java:739)
at org.testng.TestRunner.run(TestRunner.java:614)
at org.testng.SuiteRunner.runTest(SuiteRunner.java:421)
at org.testng.SuiteRunner.runSequentially(SuiteRunner.java:413)
at org.testng.SuiteRunner.privateRun(SuiteRunner.java:373)
at org.testng.SuiteRunner.run(SuiteRunner.java:312)
at org.testng.SuiteRunnerWorker.runSuite(SuiteRunnerWorker.java:52)
at org.testng.SuiteRunnerWorker.run(SuiteRunnerWorker.java:95)
at org.testng.TestNG.runSuitesSequentially(TestNG.java:1274)
at org.testng.TestNG.runSuitesLocally(TestNG.java:1208)
at org.testng.TestNG.runSuites(TestNG.java:1112)
at org.testng.TestNG.run(TestNG.java:1079)
at org.testng.remote.AbstractRemoteTestNG.run(AbstractRemoteTestNG.java:115)
at org.testng.remote.RemoteTestNG.initAndRun(RemoteTestNG.java:293)
at org.testng.remote.RemoteTestNG.main(RemoteTestNG.java:91)
]]>
    </error>
  </testcase> <!-- newTransaction -->
</testsuite> <!-- ATC.tests.ATC_AgentUserTest -->
