<?xml version="1.0" encoding="UTF-8"?>
<!-- Generated by org.testng.reporters.JUnitReportReporter -->
<testsuite hostname="DESKTOP-5SFIBID" failures="0" tests="2" name="ATC.tests.ATC_SellerUserTest" time="51.208" errors="0" timestamp="2025-03-27T17:59:32 IST" skipped="0">
  <testcase classname="ATC.tests.ATC_SellerUserTest" name="seller_login" time="0.566"/>
  <testcase classname="ATC.tests.ATC_SellerUserTest" name="TDS_Form" time="50.642"/>
</testsuite> <!-- ATC.tests.ATC_SellerUserTest -->
